# JRE version: OpenJDK Runtime Environment (8.0_202) (build 1.8.0_202-release-1483-b49-5587405)
# Java VM: OpenJDK 64-Bit Server VM (25.202-b49-5587405 mixed mode bsd-amd64 compressed oops)
Heap:
 PSYoungGen      total 175616K, used 33437K [0x00000007a0000000, 0x00000007ad780000, 0x00000007c0000000)
  eden space 138752K, 0% used [0x00000007a0000000,0x00000007a0000000,0x00000007a8780000)
  from space 36864K, 90% used [0x00000007a8a00000,0x00000007aaaa7508,0x00000007aae00000)
  to   space 40960K, 0% used [0x00000007aaf80000,0x00000007aaf80000,0x00000007ad780000)
 ParOldGen       total 276480K, used 61393K [0x0000000760000000, 0x0000000770e00000, 0x00000007a0000000)
  object space 276480K, 22% used [0x0000000760000000,0x0000000763bf4650,0x0000000770e00000)
 Metaspace       used 94530K, capacity 98178K, committed 98280K, reserved 1134592K
  class space    used 12366K, capacity 13144K, committed 13184K, reserved 1048576K
GC Heap History (10 events):
Event: 14.206 GC heap after
Heap after GC invocations=14 (full 3):
 PSYoungGen      total 168448K, used 16564K [0x00000007a0000000, 0x00000007ac680000, 0x00000007c0000000)
  eden space 149504K, 0% used [0x00000007a0000000,0x00000007a0000000,0x00000007a9200000)
  from space 18944K, 87% used [0x00000007a9200000,0x00000007aa22d0a0,0x00000007aa480000)
  to   space 19968K, 0% used [0x00000007ab300000,0x00000007ab300000,0x00000007ac680000)
 ParOldGen       total 276480K, used 33521K [0x0000000760000000, 0x0000000770e00000, 0x00000007a0000000)
  object space 276480K, 12% used [0x0000000760000000,0x00000007620bc590,0x0000000770e00000)
 Metaspace       used 64728K, capacity 66756K, committed 66904K, reserved 1107968K
  class space    used 8596K, capacity 9071K, committed 9088K, reserved 1048576K
}
Event: 1223.573 GC heap before
{Heap before GC invocations=15 (full 3):
 PSYoungGen      total 168448K, used 166068K [0x00000007a0000000, 0x00000007ac680000, 0x00000007c0000000)
  eden space 149504K, 100% used [0x00000007a0000000,0x00000007a9200000,0x00000007a9200000)
  from space 18944K, 87% used [0x00000007a9200000,0x00000007aa22d0a0,0x00000007aa480000)
  to   space 19968K, 0% used [0x00000007ab300000,0x00000007ab300000,0x00000007ac680000)
 ParOldGen       total 276480K, used 33521K [0x0000000760000000, 0x0000000770e00000, 0x00000007a0000000)
  object space 276480K, 12% used [0x0000000760000000,0x00000007620bc590,0x0000000770e00000)
 Metaspace       used 73841K, capacity 76422K, committed 76632K, reserved 1116160K
  class space    used 9732K, capacity 10317K, committed 10368K, reserved 1048576K
Event: 1223.594 GC heap after
Heap after GC invocations=15 (full 3):
 PSYoungGen      total 166912K, used 19944K [0x00000007a0000000, 0x00000007ac680000, 0x00000007c0000000)
  eden space 146944K, 0% used [0x00000007a0000000,0x00000007a0000000,0x00000007a8f80000)
  from space 19968K, 99% used [0x00000007ab300000,0x00000007ac67a2b8,0x00000007ac680000)
  to   space 25088K, 0% used [0x00000007a9580000,0x00000007a9580000,0x00000007aae00000)
 ParOldGen       total 276480K, used 40849K [0x0000000760000000, 0x0000000770e00000, 0x00000007a0000000)
  object space 276480K, 14% used [0x0000000760000000,0x00000007627e4760,0x0000000770e00000)
 Metaspace       used 73841K, capacity 76422K, committed 76632K, reserved 1116160K
  class space    used 9732K, capacity 10317K, committed 10368K, reserved 1048576K
}
Event: 1258.062 GC heap before
{Heap before GC invocations=16 (full 3):
 PSYoungGen      total 166912K, used 166888K [0x00000007a0000000, 0x00000007ac680000, 0x00000007c0000000)
  eden space 146944K, 100% used [0x00000007a0000000,0x00000007a8f80000,0x00000007a8f80000)
  from space 19968K, 99% used [0x00000007ab300000,0x00000007ac67a2b8,0x00000007ac680000)
  to   space 25088K, 0% used [0x00000007a9580000,0x00000007a9580000,0x00000007aae00000)
 ParOldGen       total 276480K, used 40849K [0x0000000760000000, 0x0000000770e00000, 0x00000007a0000000)
  object space 276480K, 14% used [0x0000000760000000,0x00000007627e4760,0x0000000770e00000)
 Metaspace       used 81379K, capacity 84240K, committed 84440K, reserved 1122304K
  class space    used 10606K, capacity 11259K, committed 11264K, reserved 1048576K
Event: 1258.082 GC heap after
Heap after GC invocations=16 (full 3):
 PSYoungGen      total 169472K, used 25069K [0x00000007a0000000, 0x00000007ac800000, 0x00000007c0000000)
  eden space 144384K, 0% used [0x00000007a0000000,0x00000007a0000000,0x00000007a8d00000)
  from space 25088K, 99% used [0x00000007a9580000,0x00000007aadfb5c8,0x00000007aae00000)
  to   space 26624K, 0% used [0x00000007aae00000,0x00000007aae00000,0x00000007ac800000)
 ParOldGen       total 276480K, used 46414K [0x0000000760000000, 0x0000000770e00000, 0x00000007a0000000)
  object space 276480K, 16% used [0x0000000760000000,0x0000000762d53958,0x0000000770e00000)
 Metaspace       used 81379K, capacity 84240K, committed 84440K, reserved 1122304K
  class space    used 10606K, capacity 11259K, committed 11264K, reserved 1048576K
}
Event: 1447.247 GC heap before
{Heap before GC invocations=17 (full 3):
 PSYoungGen      total 169472K, used 169453K [0x00000007a0000000, 0x00000007ac800000, 0x00000007c0000000)
  eden space 144384K, 100% used [0x00000007a0000000,0x00000007a8d00000,0x00000007a8d00000)
  from space 25088K, 99% used [0x00000007a9580000,0x00000007aadfb5c8,0x00000007aae00000)
  to   space 26624K, 0% used [0x00000007aae00000,0x00000007aae00000,0x00000007ac800000)
 ParOldGen       total 276480K, used 46414K [0x0000000760000000, 0x0000000770e00000, 0x00000007a0000000)
  object space 276480K, 16% used [0x0000000760000000,0x0000000762d53958,0x0000000770e00000)
 Metaspace       used 89188K, capacity 92562K, committed 92760K, reserved 1130496K
  class space    used 11556K, capacity 12314K, committed 12416K, reserved 1048576K
Event: 1447.265 GC heap after
Heap after GC invocations=17 (full 3):
 PSYoungGen      total 167936K, used 26601K [0x00000007a0000000, 0x00000007ad280000, 0x00000007c0000000)
  eden space 141312K, 0% used [0x00000007a0000000,0x00000007a0000000,0x00000007a8a00000)
  from space 26624K, 99% used [0x00000007aae00000,0x00000007ac7fa7f0,0x00000007ac800000)
  to   space 36864K, 0% used [0x00000007a8a00000,0x00000007a8a00000,0x00000007aae00000)
 ParOldGen       total 276480K, used 57538K [0x0000000760000000, 0x0000000770e00000, 0x00000007a0000000)
  object space 276480K, 20% used [0x0000000760000000,0x00000007638309a0,0x0000000770e00000)
 Metaspace       used 89188K, capacity 92562K, committed 92760K, reserved 1130496K
  class space    used 11556K, capacity 12314K, committed 12416K, reserved 1048576K
}
Event: 1448.027 GC heap before
{Heap before GC invocations=18 (full 3):
 PSYoungGen      total 167936K, used 141823K [0x00000007a0000000, 0x00000007ad280000, 0x00000007c0000000)
  eden space 141312K, 81% used [0x00000007a0000000,0x00000007a7085798,0x00000007a8a00000)
  from space 26624K, 99% used [0x00000007aae00000,0x00000007ac7fa7f0,0x00000007ac800000)
  to   space 36864K, 0% used [0x00000007a8a00000,0x00000007a8a00000,0x00000007aae00000)
 ParOldGen       total 276480K, used 57538K [0x0000000760000000, 0x0000000770e00000, 0x00000007a0000000)
  object space 276480K, 20% used [0x0000000760000000,0x00000007638309a0,0x0000000770e00000)
 Metaspace       used 94530K, capacity 98178K, committed 98280K, reserved 1134592K
  class space    used 12366K, capacity 13144K, committed 13184K, reserved 1048576K
Event: 1448.044 GC heap after
Heap after GC invocations=18 (full 3):
 PSYoungGen      total 175616K, used 33437K [0x00000007a0000000, 0x00000007ad780000, 0x00000007c0000000)
  eden space 138752K, 0% used [0x00000007a0000000,0x00000007a0000000,0x00000007a8780000)
  from space 36864K, 90% used [0x00000007a8a00000,0x00000007aaaa7508,0x00000007aae00000)
  to   space 40960K, 0% used [0x00000007aaf80000,0x00000007aaf80000,0x00000007ad780000)
 ParOldGen       total 276480K, used 61393K [0x0000000760000000, 0x0000000770e00000, 0x00000007a0000000)
  object space 276480K, 22% used [0x0000000760000000,0x0000000763bf4650,0x0000000770e00000)
 Metaspace       used 94530K, capacity 98178K, committed 98280K, reserved 1134592K
  class space    used 12366K, capacity 13144K, committed 13184K, reserved 1048576K
}
Event: 1448.044 GC heap before
{Heap before GC invocations=19 (full 4):
 PSYoungGen      total 175616K, used 33437K [0x00000007a0000000, 0x00000007ad780000, 0x00000007c0000000)
  eden space 138752K, 0% used [0x00000007a0000000,0x00000007a0000000,0x00000007a8780000)
  from space 36864K, 90% used [0x00000007a8a00000,0x00000007aaaa7508,0x00000007aae00000)
  to   space 40960K, 0% used [0x00000007aaf80000,0x00000007aaf80000,0x00000007ad780000)
 ParOldGen       total 276480K, used 61393K [0x0000000760000000, 0x0000000770e00000, 0x00000007a0000000)
  object space 276480K, 22% used [0x0000000760000000,0x0000000763bf4650,0x0000000770e00000)
 Metaspace       used 94530K, capacity 98178K, committed 98280K, reserved 1134592K
  class space    used 12366K, capacity 13144K, committed 13184K, reserved 1048576K

